This file contains any messages produced by compilers while
running configure, to aid debugging if configure makes a mistake.

It was created by htop configure 2.2.0, which was
generated by GNU Autoconf 2.69.  Invocation command line was

  $ ./configure --build=x86_64-linux-gnu --prefix=/usr --includedir=${prefix}/include --mandir=${prefix}/share/man --infodir=${prefix}/share/info --sysconfdir=/etc --localstatedir=/var --disable-silent-rules --libdir=${prefix}/lib/x86_64-linux-gnu --runstatedir=/run --disable-maintainer-mode --disable-dependency-tracking --enable-taskstats --enable-openvz --enable-vserver --enable-cgroup --enable-unicode --enable-linux-affinity

## --------- ##
## Platform. ##
## --------- ##

hostname = ccw-computer
uname -m = x86_64
uname -r = 5.15.0-76-generic
uname -s = Linux
uname -v = #83~20.04.1-Ubuntu SMP Wed Jun 21 20:23:31 UTC 2023

/usr/bin/uname -p = x86_64
/bin/uname -X     = unknown

/bin/arch              = x86_64
/usr/bin/arch -k       = unknown
/usr/convex/getsysinfo = unknown
/usr/bin/hostinfo      = unknown
/bin/machine           = unknown
/usr/bin/oslevel       = unknown
/bin/universe          = unknown

PATH: /usr/sbin
PATH: /usr/bin
PATH: /sbin
PATH: /bin
PATH: /usr/bin/X11


## ----------- ##
## Core tests. ##
## ----------- ##

configure:2340: checking build system type
configure:2354: result: x86_64-pc-linux-gnu
configure:2374: checking host system type
configure:2387: result: x86_64-pc-linux-gnu
configure:2407: checking target system type
configure:2420: result: x86_64-pc-linux-gnu
configure:2463: checking for a BSD-compatible install
configure:2531: result: /usr/bin/install -c
configure:2542: checking whether build environment is sane
configure:2597: result: yes
configure:2746: checking for a thread-safe mkdir -p
configure:2785: result: /usr/bin/mkdir -p
configure:2792: checking for gawk
configure:2822: result: no
configure:2792: checking for mawk
configure:2808: found /usr/bin/mawk
configure:2819: result: mawk
configure:2830: checking whether make sets $(MAKE)
configure:2852: result: yes
configure:2881: checking whether make supports nested variables
configure:2898: result: yes
configure:3075: checking for gcc
configure:3091: found /usr/bin/gcc
configure:3102: result: gcc
configure:3331: checking for C compiler version
configure:3340: gcc --version >&5
gcc (Ubuntu 9.4.0-1ubuntu1~20.04.2) 9.4.0
Copyright (C) 2019 Free Software Foundation, Inc.
This is free software; see the source for copying conditions.  There is NO
warranty; not even for MERCHANTABILITY or FITNESS FOR A PARTICULAR PURPOSE.

configure:3351: $? = 0
configure:3340: gcc -v >&5
Using built-in specs.
COLLECT_GCC=gcc
COLLECT_LTO_WRAPPER=/usr/lib/gcc/x86_64-linux-gnu/9/lto-wrapper
OFFLOAD_TARGET_NAMES=nvptx-none:hsa
OFFLOAD_TARGET_DEFAULT=1
Target: x86_64-linux-gnu
Configured with: ../src/configure -v --with-pkgversion='Ubuntu 9.4.0-1ubuntu1~20.04.2' --with-bugurl=file:///usr/share/doc/gcc-9/README.Bugs --enable-languages=c,ada,c++,go,brig,d,fortran,objc,obj-c++,gm2 --prefix=/usr --with-gcc-major-version-only --program-suffix=-9 --program-prefix=x86_64-linux-gnu- --enable-shared --enable-linker-build-id --libexecdir=/usr/lib --without-included-gettext --enable-threads=posix --libdir=/usr/lib --enable-nls --enable-clocale=gnu --enable-libstdcxx-debug --enable-libstdcxx-time=yes --with-default-libstdcxx-abi=new --enable-gnu-unique-object --disable-vtable-verify --enable-plugin --enable-default-pie --with-system-zlib --with-target-system-zlib=auto --enable-objc-gc=auto --enable-multiarch --disable-werror --with-arch-32=i686 --with-abi=m64 --with-multilib-list=m32,m64,mx32 --enable-multilib --with-tune=generic --enable-offload-targets=nvptx-none=/build/gcc-9-9QDOt0/gcc-9-9.4.0/debian/tmp-nvptx/usr,hsa --without-cuda-driver --enable-checking=release --build=x86_64-linux-gnu --host=x86_64-linux-gnu --target=x86_64-linux-gnu
Thread model: posix
gcc version 9.4.0 (Ubuntu 9.4.0-1ubuntu1~20.04.2) 
configure:3351: $? = 0
configure:3340: gcc -V >&5
gcc: error: unrecognized command line option '-V'
gcc: fatal error: no input files
compilation terminated.
configure:3351: $? = 1
configure:3340: gcc -qversion >&5
gcc: error: unrecognized command line option '-qversion'; did you mean '--version'?
gcc: fatal error: no input files
compilation terminated.
configure:3351: $? = 1
configure:3371: checking whether the C compiler works
configure:3393: gcc -g -O2 -fdebug-prefix-map=/home/ccw/Downloads/canonical/htop=. -fstack-protector-strong -Wformat -Werror=format-security -Wdate-time -D_FORTIFY_SOURCE=2 -Wl,-Bsymbolic-functions -Wl,-z,relro -Wl,-z,now conftest.c  >&5
configure:3397: $? = 0
configure:3445: result: yes
configure:3448: checking for C compiler default output file name
configure:3450: result: a.out
configure:3456: checking for suffix of executables
configure:3463: gcc -o conftest -g -O2 -fdebug-prefix-map=/home/ccw/Downloads/canonical/htop=. -fstack-protector-strong -Wformat -Werror=format-security -Wdate-time -D_FORTIFY_SOURCE=2 -Wl,-Bsymbolic-functions -Wl,-z,relro -Wl,-z,now conftest.c  >&5
configure:3467: $? = 0
configure:3489: result: 
configure:3511: checking whether we are cross compiling
configure:3519: gcc -o conftest -g -O2 -fdebug-prefix-map=/home/ccw/Downloads/canonical/htop=. -fstack-protector-strong -Wformat -Werror=format-security -Wdate-time -D_FORTIFY_SOURCE=2 -Wl,-Bsymbolic-functions -Wl,-z,relro -Wl,-z,now conftest.c  >&5
configure:3523: $? = 0
configure:3530: ./conftest
configure:3534: $? = 0
configure:3522: result: no
configure:3527: checking for suffix of object files
configure:3549: gcc -c -g -O2 -fdebug-prefix-map=/home/ccw/Downloads/canonical/htop=. -fstack-protector-strong -Wformat -Werror=format-security -Wdate-time -D_FORTIFY_SOURCE=2 conftest.c >&5
configure:3553: $? = 0
configure:3574: result: o
configure:3578: checking whether we are using the GNU C compiler
configure:3597: gcc -c -g -O2 -fdebug-prefix-map=/home/ccw/Downloads/canonical/htop=. -fstack-protector-strong -Wformat -Werror=format-security -Wdate-time -D_FORTIFY_SOURCE=2 conftest.c >&5
configure:3597: $? = 0
configure:3606: result: yes
configure:3615: checking whether gcc accepts -g
configure:3635: gcc -c -g -Wdate-time -D_FORTIFY_SOURCE=2 conftest.c >&5
configure:3635: $? = 0
configure:3676: result: yes
configure:3693: checking for gcc option to accept ISO C89
configure:3756: gcc  -c -g -O2 -fdebug-prefix-map=/home/ccw/Downloads/canonical/htop=. -fstack-protector-strong -Wformat -Werror=format-security -Wdate-time -D_FORTIFY_SOURCE=2 conftest.c >&5
configure:3756: $? = 0
configure:3769: result: none needed
configure:3794: checking whether gcc understands -c and -o together
configure:3816: gcc -c conftest.c -o conftest2.o
configure:3819: $? = 0
configure:3816: gcc -c conftest.c -o conftest2.o
configure:3819: $? = 0
configure:3831: result: yes
configure:3851: checking whether make supports the include directive
configure:3866: make -f confmf.GNU && cat confinc.out
make[2]: Entering directory '/home/ccw/Downloads/canonical/htop'
make[2]: Leaving directory '/home/ccw/Downloads/canonical/htop'
this is the am__doit target
configure:3869: $? = 0
configure:3888: result: yes (GNU style)
configure:3913: checking dependency style of gcc
configure:4024: result: none
configure:4048: checking how to run the C preprocessor
configure:4079: gcc -E -Wdate-time -D_FORTIFY_SOURCE=2 conftest.c
configure:4079: $? = 0
configure:4093: gcc -E -Wdate-time -D_FORTIFY_SOURCE=2 conftest.c
conftest.c:11:10: fatal error: ac_nonexistent.h: No such file or directory
   11 | #include <ac_nonexistent.h>
      |          ^~~~~~~~~~~~~~~~~~
compilation terminated.
configure:4093: $? = 1
configure: failed program was:
| /* confdefs.h */
| #define PACKAGE_NAME "htop"
| #define PACKAGE_TARNAME "htop"
| #define PACKAGE_VERSION "2.2.0"
| #define PACKAGE_STRING "htop 2.2.0"
| #define PACKAGE_BUGREPORT "hisham@gobolinux.org"
| #define PACKAGE_URL ""
| #define PACKAGE "htop"
| #define VERSION "2.2.0"
| /* end confdefs.h.  */
| #include <ac_nonexistent.h>
configure:4118: result: gcc -E
configure:4138: gcc -E -Wdate-time -D_FORTIFY_SOURCE=2 conftest.c
configure:4138: $? = 0
configure:4152: gcc -E -Wdate-time -D_FORTIFY_SOURCE=2 conftest.c
conftest.c:11:10: fatal error: ac_nonexistent.h: No such file or directory
   11 | #include <ac_nonexistent.h>
      |          ^~~~~~~~~~~~~~~~~~
compilation terminated.
configure:4152: $? = 1
configure: failed program was:
| /* confdefs.h */
| #define PACKAGE_NAME "htop"
| #define PACKAGE_TARNAME "htop"
| #define PACKAGE_VERSION "2.2.0"
| #define PACKAGE_STRING "htop 2.2.0"
| #define PACKAGE_BUGREPORT "hisham@gobolinux.org"
| #define PACKAGE_URL ""
| #define PACKAGE "htop"
| #define VERSION "2.2.0"
| /* end confdefs.h.  */
| #include <ac_nonexistent.h>
configure:4181: checking for grep that handles long lines and -e
configure:4239: result: /usr/bin/grep
configure:4244: checking for egrep
configure:4306: result: /usr/bin/grep -E
configure:4311: checking for ANSI C header files
configure:4331: gcc -c -g -O2 -fdebug-prefix-map=/home/ccw/Downloads/canonical/htop=. -fstack-protector-strong -Wformat -Werror=format-security -Wdate-time -D_FORTIFY_SOURCE=2 conftest.c >&5
configure:4331: $? = 0
configure:4404: gcc -o conftest -g -O2 -fdebug-prefix-map=/home/ccw/Downloads/canonical/htop=. -fstack-protector-strong -Wformat -Werror=format-security -Wdate-time -D_FORTIFY_SOURCE=2 -Wl,-Bsymbolic-functions -Wl,-z,relro -Wl,-z,now conftest.c  >&5
configure:4404: $? = 0
configure:4404: ./conftest
configure:4404: $? = 0
configure:4415: result: yes
configure:4428: checking for sys/types.h
configure:4428: gcc -c -g -O2 -fdebug-prefix-map=/home/ccw/Downloads/canonical/htop=. -fstack-protector-strong -Wformat -Werror=format-security -Wdate-time -D_FORTIFY_SOURCE=2 conftest.c >&5
configure:4428: $? = 0
configure:4428: result: yes
configure:4428: checking for sys/stat.h
configure:4428: gcc -c -g -O2 -fdebug-prefix-map=/home/ccw/Downloads/canonical/htop=. -fstack-protector-strong -Wformat -Werror=format-security -Wdate-time -D_FORTIFY_SOURCE=2 conftest.c >&5
configure:4428: $? = 0
configure:4428: result: yes
configure:4428: checking for stdlib.h
configure:4428: gcc -c -g -O2 -fdebug-prefix-map=/home/ccw/Downloads/canonical/htop=. -fstack-protector-strong -Wformat -Werror=format-security -Wdate-time -D_FORTIFY_SOURCE=2 conftest.c >&5
configure:4428: $? = 0
configure:4428: result: yes
configure:4428: checking for string.h
configure:4428: gcc -c -g -O2 -fdebug-prefix-map=/home/ccw/Downloads/canonical/htop=. -fstack-protector-strong -Wformat -Werror=format-security -Wdate-time -D_FORTIFY_SOURCE=2 conftest.c >&5
configure:4428: $? = 0
configure:4428: result: yes
configure:4428: checking for memory.h
configure:4428: gcc -c -g -O2 -fdebug-prefix-map=/home/ccw/Downloads/canonical/htop=. -fstack-protector-strong -Wformat -Werror=format-security -Wdate-time -D_FORTIFY_SOURCE=2 conftest.c >&5
configure:4428: $? = 0
configure:4428: result: yes
configure:4428: checking for strings.h
configure:4428: gcc -c -g -O2 -fdebug-prefix-map=/home/ccw/Downloads/canonical/htop=. -fstack-protector-strong -Wformat -Werror=format-security -Wdate-time -D_FORTIFY_SOURCE=2 conftest.c >&5
configure:4428: $? = 0
configure:4428: result: yes
configure:4428: checking for inttypes.h
configure:4428: gcc -c -g -O2 -fdebug-prefix-map=/home/ccw/Downloads/canonical/htop=. -fstack-protector-strong -Wformat -Werror=format-security -Wdate-time -D_FORTIFY_SOURCE=2 conftest.c >&5
configure:4428: $? = 0
configure:4428: result: yes
configure:4428: checking for stdint.h
configure:4428: gcc -c -g -O2 -fdebug-prefix-map=/home/ccw/Downloads/canonical/htop=. -fstack-protector-strong -Wformat -Werror=format-security -Wdate-time -D_FORTIFY_SOURCE=2 conftest.c >&5
configure:4428: $? = 0
configure:4428: result: yes
configure:4428: checking for unistd.h
configure:4428: gcc -c -g -O2 -fdebug-prefix-map=/home/ccw/Downloads/canonical/htop=. -fstack-protector-strong -Wformat -Werror=format-security -Wdate-time -D_FORTIFY_SOURCE=2 conftest.c >&5
configure:4428: $? = 0
configure:4428: result: yes
configure:4441: checking minix/config.h usability
configure:4441: gcc -c -g -O2 -fdebug-prefix-map=/home/ccw/Downloads/canonical/htop=. -fstack-protector-strong -Wformat -Werror=format-security -Wdate-time -D_FORTIFY_SOURCE=2 conftest.c >&5
conftest.c:54:10: fatal error: minix/config.h: No such file or directory
   54 | #include <minix/config.h>
      |          ^~~~~~~~~~~~~~~~
compilation terminated.
configure:4441: $? = 1
configure: failed program was:
| /* confdefs.h */
| #define PACKAGE_NAME "htop"
| #define PACKAGE_TARNAME "htop"
| #define PACKAGE_VERSION "2.2.0"
| #define PACKAGE_STRING "htop 2.2.0"
| #define PACKAGE_BUGREPORT "hisham@gobolinux.org"
| #define PACKAGE_URL ""
| #define PACKAGE "htop"
| #define VERSION "2.2.0"
| #define STDC_HEADERS 1
| #define HAVE_SYS_TYPES_H 1
| #define HAVE_SYS_STAT_H 1
| #define HAVE_STDLIB_H 1
| #define HAVE_STRING_H 1
| #define HAVE_MEMORY_H 1
| #define HAVE_STRINGS_H 1
| #define HAVE_INTTYPES_H 1
| #define HAVE_STDINT_H 1
| #define HAVE_UNISTD_H 1
| /* end confdefs.h.  */
| #include <stdio.h>
| #ifdef HAVE_SYS_TYPES_H
| # include <sys/types.h>
| #endif
| #ifdef HAVE_SYS_STAT_H
| # include <sys/stat.h>
| #endif
| #ifdef STDC_HEADERS
| # include <stdlib.h>
| # include <stddef.h>
| #else
| # ifdef HAVE_STDLIB_H
| #  include <stdlib.h>
| # endif
| #endif
| #ifdef HAVE_STRING_H
| # if !defined STDC_HEADERS && defined HAVE_MEMORY_H
| #  include <memory.h>
| # endif
| # include <string.h>
| #endif
| #ifdef HAVE_STRINGS_H
| # include <strings.h>
| #endif
| #ifdef HAVE_INTTYPES_H
| # include <inttypes.h>
| #endif
| #ifdef HAVE_STDINT_H
| # include <stdint.h>
| #endif
| #ifdef HAVE_UNISTD_H
| # include <unistd.h>
| #endif
| #include <minix/config.h>
configure:4441: result: no
configure:4441: checking minix/config.h presence
configure:4441: gcc -E -Wdate-time -D_FORTIFY_SOURCE=2 conftest.c
conftest.c:21:10: fatal error: minix/config.h: No such file or directory
   21 | #include <minix/config.h>
      |          ^~~~~~~~~~~~~~~~
compilation terminated.
configure:4441: $? = 1
configure: failed program was:
| /* confdefs.h */
| #define PACKAGE_NAME "htop"
| #define PACKAGE_TARNAME "htop"
| #define PACKAGE_VERSION "2.2.0"
| #define PACKAGE_STRING "htop 2.2.0"
| #define PACKAGE_BUGREPORT "hisham@gobolinux.org"
| #define PACKAGE_URL ""
| #define PACKAGE "htop"
| #define VERSION "2.2.0"
| #define STDC_HEADERS 1
| #define HAVE_SYS_TYPES_H 1
| #define HAVE_SYS_STAT_H 1
| #define HAVE_STDLIB_H 1
| #define HAVE_STRING_H 1
| #define HAVE_MEMORY_H 1
| #define HAVE_STRINGS_H 1
| #define HAVE_INTTYPES_H 1
| #define HAVE_STDINT_H 1
| #define HAVE_UNISTD_H 1
| /* end confdefs.h.  */
| #include <minix/config.h>
configure:4441: result: no
configure:4441: checking for minix/config.h
configure:4441: result: no
configure:4462: checking whether it is safe to define __EXTENSIONS__
configure:4480: gcc -c -g -O2 -fdebug-prefix-map=/home/ccw/Downloads/canonical/htop=. -fstack-protector-strong -Wformat -Werror=format-security -Wdate-time -D_FORTIFY_SOURCE=2 conftest.c >&5
configure:4480: $? = 0
configure:4487: result: yes
configure:4530: checking for ceil in -lm
configure:4555: gcc -o conftest -g -O2 -fdebug-prefix-map=/home/ccw/Downloads/canonical/htop=. -fstack-protector-strong -Wformat -Werror=format-security -Wdate-time -D_FORTIFY_SOURCE=2 -Wl,-Bsymbolic-functions -Wl,-z,relro -Wl,-z,now conftest.c -lm   >&5
conftest.c:33:6: warning: conflicting types for built-in function 'ceil'; expected 'double(double)' [-Wbuiltin-declaration-mismatch]
   33 | char ceil ();
      |      ^~~~
conftest.c:1:1: note: 'ceil' is declared in header '<math.h>'
    1 | /* confdefs.h */
configure:4555: $? = 0
configure:4564: result: yes
configure:4583: checking for dirent.h that defines DIR
configure:4602: gcc -c -g -O2 -fdebug-prefix-map=/home/ccw/Downloads/canonical/htop=. -fstack-protector-strong -Wformat -Werror=format-security -Wdate-time -D_FORTIFY_SOURCE=2 conftest.c >&5
configure:4602: $? = 0
configure:4610: result: yes
configure:4623: checking for library containing opendir
configure:4654: gcc -o conftest -g -O2 -fdebug-prefix-map=/home/ccw/Downloads/canonical/htop=. -fstack-protector-strong -Wformat -Werror=format-security -Wdate-time -D_FORTIFY_SOURCE=2 -Wl,-Bsymbolic-functions -Wl,-z,relro -Wl,-z,now conftest.c -lm  >&5
configure:4654: $? = 0
configure:4671: result: none required
configure:4738: checking for ANSI C header files
configure:4842: result: yes
configure:4853: checking for stdlib.h
configure:4853: result: yes
configure:4853: checking for string.h
configure:4853: result: yes
configure:4853: checking for strings.h
configure:4853: result: yes
configure:4853: checking sys/param.h usability
configure:4853: gcc -c -g -O2 -fdebug-prefix-map=/home/ccw/Downloads/canonical/htop=. -fstack-protector-strong -Wformat -Werror=format-security -Wdate-time -D_FORTIFY_SOURCE=2 conftest.c >&5
configure:4853: $? = 0
configure:4853: result: yes
configure:4853: checking sys/param.h presence
configure:4853: gcc -E -Wdate-time -D_FORTIFY_SOURCE=2 conftest.c
configure:4853: $? = 0
configure:4853: result: yes
configure:4853: checking for sys/param.h
configure:4853: result: yes
configure:4853: checking sys/time.h usability
configure:4853: gcc -c -g -O2 -fdebug-prefix-map=/home/ccw/Downloads/canonical/htop=. -fstack-protector-strong -Wformat -Werror=format-security -Wdate-time -D_FORTIFY_SOURCE=2 conftest.c >&5
configure:4853: $? = 0
configure:4853: result: yes
configure:4853: checking sys/time.h presence
configure:4853: gcc -E -Wdate-time -D_FORTIFY_SOURCE=2 conftest.c
configure:4853: $? = 0
configure:4853: result: yes
configure:4853: checking for sys/time.h
configure:4853: result: yes
configure:4853: checking for unistd.h
configure:4853: result: yes
configure:4869: checking execinfo.h usability
configure:4869: gcc -c -g -O2 -fdebug-prefix-map=/home/ccw/Downloads/canonical/htop=. -fstack-protector-strong -Wformat -Werror=format-security -Wdate-time -D_FORTIFY_SOURCE=2 conftest.c >&5
configure:4869: $? = 0
configure:4869: result: yes
configure:4869: checking execinfo.h presence
configure:4869: gcc -E -Wdate-time -D_FORTIFY_SOURCE=2 conftest.c
configure:4869: $? = 0
configure:4869: result: yes
configure:4869: checking for execinfo.h
configure:4869: result: yes
configure:4882: checking whether sys/types.h defines makedev
configure:4898: gcc -o conftest -g -O2 -fdebug-prefix-map=/home/ccw/Downloads/canonical/htop=. -fstack-protector-strong -Wformat -Werror=format-security -Wdate-time -D_FORTIFY_SOURCE=2 -Wl,-Bsymbolic-functions -Wl,-z,relro -Wl,-z,now conftest.c -lm  >&5
conftest.c: In function 'main':
conftest.c:40:8: warning: implicit declaration of function 'makedev' [-Wimplicit-function-declaration]
   40 | return makedev(0, 0);
      |        ^~~~~~~
/usr/bin/ld: /tmp/ccQWmXcy.o: in function `main':
./conftest.c:40: undefined reference to `makedev'
collect2: error: ld returned 1 exit status
configure:4898: $? = 1
configure: failed program was:
| /* confdefs.h */
| #define PACKAGE_NAME "htop"
| #define PACKAGE_TARNAME "htop"
| #define PACKAGE_VERSION "2.2.0"
| #define PACKAGE_STRING "htop 2.2.0"
| #define PACKAGE_BUGREPORT "hisham@gobolinux.org"
| #define PACKAGE_URL ""
| #define PACKAGE "htop"
| #define VERSION "2.2.0"
| #define STDC_HEADERS 1
| #define HAVE_SYS_TYPES_H 1
| #define HAVE_SYS_STAT_H 1
| #define HAVE_STDLIB_H 1
| #define HAVE_STRING_H 1
| #define HAVE_MEMORY_H 1
| #define HAVE_STRINGS_H 1
| #define HAVE_INTTYPES_H 1
| #define HAVE_STDINT_H 1
| #define HAVE_UNISTD_H 1
| #define __EXTENSIONS__ 1
| #define _ALL_SOURCE 1
| #define _GNU_SOURCE 1
| #define _POSIX_PTHREAD_SEMANTICS 1
| #define _TANDEM_SOURCE 1
| #define HAVE_LIBM 1
| #define HAVE_DIRENT_H 1
| #define STDC_HEADERS 1
| #define HAVE_STDLIB_H 1
| #define HAVE_STRING_H 1
| #define HAVE_STRINGS_H 1
| #define HAVE_SYS_PARAM_H 1
| #define HAVE_SYS_TIME_H 1
| #define HAVE_UNISTD_H 1
| #define HAVE_EXECINFO_H 1
| /* end confdefs.h.  */
| #include <sys/types.h>
| int
| main ()
| {
| return makedev(0, 0);
|   ;
|   return 0;
| }
configure:4907: result: no
configure:4911: checking sys/mkdev.h usability
configure:4911: gcc -c -g -O2 -fdebug-prefix-map=/home/ccw/Downloads/canonical/htop=. -fstack-protector-strong -Wformat -Werror=format-security -Wdate-time -D_FORTIFY_SOURCE=2 conftest.c >&5
conftest.c:69:10: fatal error: sys/mkdev.h: No such file or directory
   69 | #include <sys/mkdev.h>
      |          ^~~~~~~~~~~~~
compilation terminated.
configure:4911: $? = 1
configure: failed program was:
| /* confdefs.h */
| #define PACKAGE_NAME "htop"
| #define PACKAGE_TARNAME "htop"
| #define PACKAGE_VERSION "2.2.0"
| #define PACKAGE_STRING "htop 2.2.0"
| #define PACKAGE_BUGREPORT "hisham@gobolinux.org"
| #define PACKAGE_URL ""
| #define PACKAGE "htop"
| #define VERSION "2.2.0"
| #define STDC_HEADERS 1
| #define HAVE_SYS_TYPES_H 1
| #define HAVE_SYS_STAT_H 1
| #define HAVE_STDLIB_H 1
| #define HAVE_STRING_H 1
| #define HAVE_MEMORY_H 1
| #define HAVE_STRINGS_H 1
| #define HAVE_INTTYPES_H 1
| #define HAVE_STDINT_H 1
| #define HAVE_UNISTD_H 1
| #define __EXTENSIONS__ 1
| #define _ALL_SOURCE 1
| #define _GNU_SOURCE 1
| #define _POSIX_PTHREAD_SEMANTICS 1
| #define _TANDEM_SOURCE 1
| #define HAVE_LIBM 1
| #define HAVE_DIRENT_H 1
| #define STDC_HEADERS 1
| #define HAVE_STDLIB_H 1
| #define HAVE_STRING_H 1
| #define HAVE_STRINGS_H 1
| #define HAVE_SYS_PARAM_H 1
| #define HAVE_SYS_TIME_H 1
| #define HAVE_UNISTD_H 1
| #define HAVE_EXECINFO_H 1
| /* end confdefs.h.  */
| #include <stdio.h>
| #ifdef HAVE_SYS_TYPES_H
| # include <sys/types.h>
| #endif
| #ifdef HAVE_SYS_STAT_H
| # include <sys/stat.h>
| #endif
| #ifdef STDC_HEADERS
| # include <stdlib.h>
| # include <stddef.h>
| #else
| # ifdef HAVE_STDLIB_H
| #  include <stdlib.h>
| # endif
| #endif
| #ifdef HAVE_STRING_H
| # if !defined STDC_HEADERS && defined HAVE_MEMORY_H
| #  include <memory.h>
| # endif
| # include <string.h>
| #endif
| #ifdef HAVE_STRINGS_H
| # include <strings.h>
| #endif
| #ifdef HAVE_INTTYPES_H
| # include <inttypes.h>
| #endif
| #ifdef HAVE_STDINT_H
| # include <stdint.h>
| #endif
| #ifdef HAVE_UNISTD_H
| # include <unistd.h>
| #endif
| #include <sys/mkdev.h>
configure:4911: result: no
configure:4911: checking sys/mkdev.h presence
configure:4911: gcc -E -Wdate-time -D_FORTIFY_SOURCE=2 conftest.c
conftest.c:36:10: fatal error: sys/mkdev.h: No such file or directory
   36 | #include <sys/mkdev.h>
      |          ^~~~~~~~~~~~~
compilation terminated.
configure:4911: $? = 1
configure: failed program was:
| /* confdefs.h */
| #define PACKAGE_NAME "htop"
| #define PACKAGE_TARNAME "htop"
| #define PACKAGE_VERSION "2.2.0"
| #define PACKAGE_STRING "htop 2.2.0"
| #define PACKAGE_BUGREPORT "hisham@gobolinux.org"
| #define PACKAGE_URL ""
| #define PACKAGE "htop"
| #define VERSION "2.2.0"
| #define STDC_HEADERS 1
| #define HAVE_SYS_TYPES_H 1
| #define HAVE_SYS_STAT_H 1
| #define HAVE_STDLIB_H 1
| #define HAVE_STRING_H 1
| #define HAVE_MEMORY_H 1
| #define HAVE_STRINGS_H 1
| #define HAVE_INTTYPES_H 1
| #define HAVE_STDINT_H 1
| #define HAVE_UNISTD_H 1
| #define __EXTENSIONS__ 1
| #define _ALL_SOURCE 1
| #define _GNU_SOURCE 1
| #define _POSIX_PTHREAD_SEMANTICS 1
| #define _TANDEM_SOURCE 1
| #define HAVE_LIBM 1
| #define HAVE_DIRENT_H 1
| #define STDC_HEADERS 1
| #define HAVE_STDLIB_H 1
| #define HAVE_STRING_H 1
| #define HAVE_STRINGS_H 1
| #define HAVE_SYS_PARAM_H 1
| #define HAVE_SYS_TIME_H 1
| #define HAVE_UNISTD_H 1
| #define HAVE_EXECINFO_H 1
| /* end confdefs.h.  */
| #include <sys/mkdev.h>
configure:4911: result: no
configure:4911: checking for sys/mkdev.h
configure:4911: result: no
configure:4921: checking sys/sysmacros.h usability
configure:4921: gcc -c -g -O2 -fdebug-prefix-map=/home/ccw/Downloads/canonical/htop=. -fstack-protector-strong -Wformat -Werror=format-security -Wdate-time -D_FORTIFY_SOURCE=2 conftest.c >&5
configure:4921: $? = 0
configure:4921: result: yes
configure:4921: checking sys/sysmacros.h presence
configure:4921: gcc -E -Wdate-time -D_FORTIFY_SOURCE=2 conftest.c
configure:4921: $? = 0
configure:4921: result: yes
configure:4921: checking for sys/sysmacros.h
configure:4921: result: yes
configure:4933: checking for sys/sysmacros.h
configure:4933: result: yes
configure:4945: checking for stdbool.h that conforms to C99
configure:5012: gcc -c -g -O2 -fdebug-prefix-map=/home/ccw/Downloads/canonical/htop=. -fstack-protector-strong -Wformat -Werror=format-security -Wdate-time -D_FORTIFY_SOURCE=2 conftest.c >&5
configure:5012: $? = 0
configure:5019: result: yes
configure:5021: checking for _Bool
configure:5021: gcc -c -g -O2 -fdebug-prefix-map=/home/ccw/Downloads/canonical/htop=. -fstack-protector-strong -Wformat -Werror=format-security -Wdate-time -D_FORTIFY_SOURCE=2 conftest.c >&5
configure:5021: $? = 0
configure:5021: gcc -c -g -O2 -fdebug-prefix-map=/home/ccw/Downloads/canonical/htop=. -fstack-protector-strong -Wformat -Werror=format-security -Wdate-time -D_FORTIFY_SOURCE=2 conftest.c >&5
conftest.c: In function 'main':
conftest.c:74:20: error: expected expression before ')' token
   74 | if (sizeof ((_Bool)))
      |                    ^
configure:5021: $? = 1
configure: failed program was:
| /* confdefs.h */
| #define PACKAGE_NAME "htop"
| #define PACKAGE_TARNAME "htop"
| #define PACKAGE_VERSION "2.2.0"
| #define PACKAGE_STRING "htop 2.2.0"
| #define PACKAGE_BUGREPORT "hisham@gobolinux.org"
| #define PACKAGE_URL ""
| #define PACKAGE "htop"
| #define VERSION "2.2.0"
| #define STDC_HEADERS 1
| #define HAVE_SYS_TYPES_H 1
| #define HAVE_SYS_STAT_H 1
| #define HAVE_STDLIB_H 1
| #define HAVE_STRING_H 1
| #define HAVE_MEMORY_H 1
| #define HAVE_STRINGS_H 1
| #define HAVE_INTTYPES_H 1
| #define HAVE_STDINT_H 1
| #define HAVE_UNISTD_H 1
| #define __EXTENSIONS__ 1
| #define _ALL_SOURCE 1
| #define _GNU_SOURCE 1
| #define _POSIX_PTHREAD_SEMANTICS 1
| #define _TANDEM_SOURCE 1
| #define HAVE_LIBM 1
| #define HAVE_DIRENT_H 1
| #define STDC_HEADERS 1
| #define HAVE_STDLIB_H 1
| #define HAVE_STRING_H 1
| #define HAVE_STRINGS_H 1
| #define HAVE_SYS_PARAM_H 1
| #define HAVE_SYS_TIME_H 1
| #define HAVE_UNISTD_H 1
| #define HAVE_EXECINFO_H 1
| #define MAJOR_IN_SYSMACROS 1
| #define MAJOR_IN_SYSMACROS 1
| /* end confdefs.h.  */
| #include <stdio.h>
| #ifdef HAVE_SYS_TYPES_H
| # include <sys/types.h>
| #endif
| #ifdef HAVE_SYS_STAT_H
| # include <sys/stat.h>
| #endif
| #ifdef STDC_HEADERS
| # include <stdlib.h>
| # include <stddef.h>
| #else
| # ifdef HAVE_STDLIB_H
| #  include <stdlib.h>
| # endif
| #endif
| #ifdef HAVE_STRING_H
| # if !defined STDC_HEADERS && defined HAVE_MEMORY_H
| #  include <memory.h>
| # endif
| # include <string.h>
| #endif
| #ifdef HAVE_STRINGS_H
| # include <strings.h>
| #endif
| #ifdef HAVE_INTTYPES_H
| # include <inttypes.h>
| #endif
| #ifdef HAVE_STDINT_H
| # include <stdint.h>
| #endif
| #ifdef HAVE_UNISTD_H
| # include <unistd.h>
| #endif
| int
| main ()
| {
| if (sizeof ((_Bool)))
| 	    return 0;
|   ;
|   return 0;
| }
configure:5021: result: yes
configure:5038: checking for an ANSI C-conforming const
configure:5104: gcc -c -g -O2 -fdebug-prefix-map=/home/ccw/Downloads/canonical/htop=. -fstack-protector-strong -Wformat -Werror=format-security -Wdate-time -D_FORTIFY_SOURCE=2 conftest.c >&5
configure:5104: $? = 0
configure:5111: result: yes
configure:5119: checking for pid_t
configure:5119: gcc -c -g -O2 -fdebug-prefix-map=/home/ccw/Downloads/canonical/htop=. -fstack-protector-strong -Wformat -Werror=format-security -Wdate-time -D_FORTIFY_SOURCE=2 conftest.c >&5
configure:5119: $? = 0
configure:5119: gcc -c -g -O2 -fdebug-prefix-map=/home/ccw/Downloads/canonical/htop=. -fstack-protector-strong -Wformat -Werror=format-security -Wdate-time -D_FORTIFY_SOURCE=2 conftest.c >&5
conftest.c: In function 'main':
conftest.c:76:20: error: expected expression before ')' token
   76 | if (sizeof ((pid_t)))
      |                    ^
configure:5119: $? = 1
configure: failed program was:
| /* confdefs.h */
| #define PACKAGE_NAME "htop"
| #define PACKAGE_TARNAME "htop"
| #define PACKAGE_VERSION "2.2.0"
| #define PACKAGE_STRING "htop 2.2.0"
| #define PACKAGE_BUGREPORT "hisham@gobolinux.org"
| #define PACKAGE_URL ""
| #define PACKAGE "htop"
| #define VERSION "2.2.0"
| #define STDC_HEADERS 1
| #define HAVE_SYS_TYPES_H 1
| #define HAVE_SYS_STAT_H 1
| #define HAVE_STDLIB_H 1
| #define HAVE_STRING_H 1
| #define HAVE_MEMORY_H 1
| #define HAVE_STRINGS_H 1
| #define HAVE_INTTYPES_H 1
| #define HAVE_STDINT_H 1
| #define HAVE_UNISTD_H 1
| #define __EXTENSIONS__ 1
| #define _ALL_SOURCE 1
| #define _GNU_SOURCE 1
| #define _POSIX_PTHREAD_SEMANTICS 1
| #define _TANDEM_SOURCE 1
| #define HAVE_LIBM 1
| #define HAVE_DIRENT_H 1
| #define STDC_HEADERS 1
| #define HAVE_STDLIB_H 1
| #define HAVE_STRING_H 1
| #define HAVE_STRINGS_H 1
| #define HAVE_SYS_PARAM_H 1
| #define HAVE_SYS_TIME_H 1
| #define HAVE_UNISTD_H 1
| #define HAVE_EXECINFO_H 1
| #define MAJOR_IN_SYSMACROS 1
| #define MAJOR_IN_SYSMACROS 1
| #define HAVE__BOOL 1
| #define HAVE_STDBOOL_H 1
| /* end confdefs.h.  */
| #include <stdio.h>
| #ifdef HAVE_SYS_TYPES_H
| # include <sys/types.h>
| #endif
| #ifdef HAVE_SYS_STAT_H
| # include <sys/stat.h>
| #endif
| #ifdef STDC_HEADERS
| # include <stdlib.h>
| # include <stddef.h>
| #else
| # ifdef HAVE_STDLIB_H
| #  include <stdlib.h>
| # endif
| #endif
| #ifdef HAVE_STRING_H
| # if !defined STDC_HEADERS && defined HAVE_MEMORY_H
| #  include <memory.h>
| # endif
| # include <string.h>
| #endif
| #ifdef HAVE_STRINGS_H
| # include <strings.h>
| #endif
| #ifdef HAVE_INTTYPES_H
| # include <inttypes.h>
| #endif
| #ifdef HAVE_STDINT_H
| # include <stdint.h>
| #endif
| #ifdef HAVE_UNISTD_H
| # include <unistd.h>
| #endif
| int
| main ()
| {
| if (sizeof ((pid_t)))
| 	    return 0;
|   ;
|   return 0;
| }
configure:5119: result: yes
configure:5130: checking for uid_t in sys/types.h
configure:5149: result: yes
configure:5163: checking whether closedir returns void
configure:5187: gcc -o conftest -g -O2 -fdebug-prefix-map=/home/ccw/Downloads/canonical/htop=. -fstack-protector-strong -Wformat -Werror=format-security -Wdate-time -D_FORTIFY_SOURCE=2 -Wl,-Bsymbolic-functions -Wl,-z,relro -Wl,-z,now conftest.c -lm  >&5
configure:5187: $? = 0
configure:5187: ./conftest
configure:5187: $? = 0
configure:5197: result: no
configure:5205: checking return type of signal handlers
configure:5223: gcc -c -g -O2 -fdebug-prefix-map=/home/ccw/Downloads/canonical/htop=. -fstack-protector-strong -Wformat -Werror=format-security -Wdate-time -D_FORTIFY_SOURCE=2 conftest.c >&5
conftest.c: In function 'main':
conftest.c:46:10: error: void value not ignored as it ought to be
   46 | return *(signal (0, 0)) (0) == 1;
      |         ~^~~~~~~~~~~~~~~~~~
configure:5223: $? = 1
configure: failed program was:
| /* confdefs.h */
| #define PACKAGE_NAME "htop"
| #define PACKAGE_TARNAME "htop"
| #define PACKAGE_VERSION "2.2.0"
| #define PACKAGE_STRING "htop 2.2.0"
| #define PACKAGE_BUGREPORT "hisham@gobolinux.org"
| #define PACKAGE_URL ""
| #define PACKAGE "htop"
| #define VERSION "2.2.0"
| #define STDC_HEADERS 1
| #define HAVE_SYS_TYPES_H 1
| #define HAVE_SYS_STAT_H 1
| #define HAVE_STDLIB_H 1
| #define HAVE_STRING_H 1
| #define HAVE_MEMORY_H 1
| #define HAVE_STRINGS_H 1
| #define HAVE_INTTYPES_H 1
| #define HAVE_STDINT_H 1
| #define HAVE_UNISTD_H 1
| #define __EXTENSIONS__ 1
| #define _ALL_SOURCE 1
| #define _GNU_SOURCE 1
| #define _POSIX_PTHREAD_SEMANTICS 1
| #define _TANDEM_SOURCE 1
| #define HAVE_LIBM 1
| #define HAVE_DIRENT_H 1
| #define STDC_HEADERS 1
| #define HAVE_STDLIB_H 1
| #define HAVE_STRING_H 1
| #define HAVE_STRINGS_H 1
| #define HAVE_SYS_PARAM_H 1
| #define HAVE_SYS_TIME_H 1
| #define HAVE_UNISTD_H 1
| #define HAVE_EXECINFO_H 1
| #define MAJOR_IN_SYSMACROS 1
| #define MAJOR_IN_SYSMACROS 1
| #define HAVE__BOOL 1
| #define HAVE_STDBOOL_H 1
| /* end confdefs.h.  */
| #include <sys/types.h>
| #include <signal.h>
| 
| int
| main ()
| {
| return *(signal (0, 0)) (0) == 1;
|   ;
|   return 0;
| }
configure:5230: result: void
configure:5238: checking whether lstat correctly handles trailing slash
configure:5264: gcc -o conftest -g -O2 -fdebug-prefix-map=/home/ccw/Downloads/canonical/htop=. -fstack-protector-strong -Wformat -Werror=format-security -Wdate-time -D_FORTIFY_SOURCE=2 -Wl,-Bsymbolic-functions -Wl,-z,relro -Wl,-z,now conftest.c -lm  >&5
configure:5264: $? = 0
configure:5264: ./conftest
configure:5264: $? = 0
configure:5281: result: yes
configure:5300: checking whether stat accepts an empty string
configure:5320: gcc -o conftest -g -O2 -fdebug-prefix-map=/home/ccw/Downloads/canonical/htop=. -fstack-protector-strong -Wformat -Werror=format-security -Wdate-time -D_FORTIFY_SOURCE=2 -Wl,-Bsymbolic-functions -Wl,-z,relro -Wl,-z,now conftest.c -lm  >&5
configure:5320: $? = 0
configure:5320: ./conftest
configure:5320: $? = 0
configure:5330: result: no
configure:5349: checking for memmove
configure:5349: gcc -o conftest -g -O2 -fdebug-prefix-map=/home/ccw/Downloads/canonical/htop=. -fstack-protector-strong -Wformat -Werror=format-security -Wdate-time -D_FORTIFY_SOURCE=2 -Wl,-Bsymbolic-functions -Wl,-z,relro -Wl,-z,now conftest.c -lm  >&5
conftest.c:65:6: warning: conflicting types for built-in function 'memmove'; expected 'void *(void *, const void *, long unsigned int)' [-Wbuiltin-declaration-mismatch]
   65 | char memmove ();
      |      ^~~~~~~
conftest.c:53:1: note: 'memmove' is declared in header '<string.h>'
   52 | # include <limits.h>
   53 | #else
configure:5349: $? = 0
configure:5349: result: yes
configure:5349: checking for strncasecmp
configure:5349: gcc -o conftest -g -O2 -fdebug-prefix-map=/home/ccw/Downloads/canonical/htop=. -fstack-protector-strong -Wformat -Werror=format-security -Wdate-time -D_FORTIFY_SOURCE=2 -Wl,-Bsymbolic-functions -Wl,-z,relro -Wl,-z,now conftest.c -lm  >&5
conftest.c:66:6: warning: conflicting types for built-in function 'strncasecmp'; expected 'int(const char *, const char *, long unsigned int)' [-Wbuiltin-declaration-mismatch]
   66 | char strncasecmp ();
      |      ^~~~~~~~~~~
configure:5349: $? = 0
configure:5349: result: yes
configure:5349: checking for strstr
configure:5349: gcc -o conftest -g -O2 -fdebug-prefix-map=/home/ccw/Downloads/canonical/htop=. -fstack-protector-strong -Wformat -Werror=format-security -Wdate-time -D_FORTIFY_SOURCE=2 -Wl,-Bsymbolic-functions -Wl,-z,relro -Wl,-z,now conftest.c -lm  >&5
conftest.c:67:6: warning: conflicting types for built-in function 'strstr'; expected 'char *(const char *, const char *)' [-Wbuiltin-declaration-mismatch]
   67 | char strstr ();
      |      ^~~~~~
conftest.c:55:1: note: 'strstr' is declared in header '<string.h>'
   54 | # include <limits.h>
   55 | #else
configure:5349: $? = 0
configure:5349: result: yes
configure:5349: checking for strdup
configure:5349: gcc -o conftest -g -O2 -fdebug-prefix-map=/home/ccw/Downloads/canonical/htop=. -fstack-protector-strong -Wformat -Werror=format-security -Wdate-time -D_FORTIFY_SOURCE=2 -Wl,-Bsymbolic-functions -Wl,-z,relro -Wl,-z,now conftest.c -lm  >&5
conftest.c:68:6: warning: conflicting types for built-in function 'strdup'; expected 'char *(const char *)' [-Wbuiltin-declaration-mismatch]
   68 | char strdup ();
      |      ^~~~~~
configure:5349: $? = 0
configure:5349: result: yes
configure:5361: checking whether gcc -std=c99 option works
configure:5374: gcc -c -g -O2 -fdebug-prefix-map=/home/ccw/Downloads/canonical/htop=. -fstack-protector-strong -Wformat -Werror=format-security -std=c99 -Wdate-time -D_FORTIFY_SOURCE=2 conftest.c >&5
configure:5374: $? = 0
configure:5375: result: yes
configure:5385: checking if compiler supports -Wextra
configure:5398: gcc -c -g -O2 -fdebug-prefix-map=/home/ccw/Downloads/canonical/htop=. -fstack-protector-strong -Wformat -Werror=format-security -Wextra -Wdate-time -D_FORTIFY_SOURCE=2 conftest.c >&5
configure:5398: $? = 0
configure:5401: result: yes
configure:5600: checking for addnwstr in -lncursesw6
configure:5625: gcc -o conftest -D_DEFAULT_SOURCE -D_XOPEN_SOURCE=600 -g -O2 -fdebug-prefix-map=/home/ccw/Downloads/canonical/htop=. -fstack-protector-strong -Wformat -Werror=format-security -Wdate-time -D_FORTIFY_SOURCE=2 -Wl,-Bsymbolic-functions -lncursesw -ltinfo -Wl,-Bsymbolic-functions -Wl,-z,relro -Wl,-z,now conftest.c -lncursesw6  -lm  >&5
/usr/bin/ld: cannot find -lncursesw6
collect2: error: ld returned 1 exit status
configure:5625: $? = 1
configure: failed program was:
| /* confdefs.h */
| #define PACKAGE_NAME "htop"
| #define PACKAGE_TARNAME "htop"
| #define PACKAGE_VERSION "2.2.0"
| #define PACKAGE_STRING "htop 2.2.0"
| #define PACKAGE_BUGREPORT "hisham@gobolinux.org"
| #define PACKAGE_URL ""
| #define PACKAGE "htop"
| #define VERSION "2.2.0"
| #define STDC_HEADERS 1
| #define HAVE_SYS_TYPES_H 1
| #define HAVE_SYS_STAT_H 1
| #define HAVE_STDLIB_H 1
| #define HAVE_STRING_H 1
| #define HAVE_MEMORY_H 1
| #define HAVE_STRINGS_H 1
| #define HAVE_INTTYPES_H 1
| #define HAVE_STDINT_H 1
| #define HAVE_UNISTD_H 1
| #define __EXTENSIONS__ 1
| #define _ALL_SOURCE 1
| #define _GNU_SOURCE 1
| #define _POSIX_PTHREAD_SEMANTICS 1
| #define _TANDEM_SOURCE 1
| #define HAVE_LIBM 1
| #define HAVE_DIRENT_H 1
| #define STDC_HEADERS 1
| #define HAVE_STDLIB_H 1
| #define HAVE_STRING_H 1
| #define HAVE_STRINGS_H 1
| #define HAVE_SYS_PARAM_H 1
| #define HAVE_SYS_TIME_H 1
| #define HAVE_UNISTD_H 1
| #define HAVE_EXECINFO_H 1
| #define MAJOR_IN_SYSMACROS 1
| #define MAJOR_IN_SYSMACROS 1
| #define HAVE__BOOL 1
| #define HAVE_STDBOOL_H 1
| #define RETSIGTYPE void
| #define LSTAT_FOLLOWS_SLASHED_SYMLINK 1
| #define HAVE_MEMMOVE 1
| #define HAVE_STRNCASECMP 1
| #define HAVE_STRSTR 1
| #define HAVE_STRDUP 1
| #define PROCDIR "/proc"
| #define HAVE_OPENVZ 1
| #define HAVE_CGROUP 1
| #define HAVE_VSERVER 1
| #define HAVE_TASKSTATS 1
| /* end confdefs.h.  */
| 
| /* Override any GCC internal prototype to avoid an error.
|    Use char because int might match the return type of a GCC
|    builtin and then its argument prototype would still apply.  */
| #ifdef __cplusplus
| extern "C"
| #endif
| char addnwstr ();
| int
| main ()
| {
| return addnwstr ();
|   ;
|   return 0;
| }
configure:5634: result: no
configure:5668: checking for addnwstr in -lncursesw
configure:5693: gcc -o conftest -D_DEFAULT_SOURCE -D_XOPEN_SOURCE=600 -g -O2 -fdebug-prefix-map=/home/ccw/Downloads/canonical/htop=. -fstack-protector-strong -Wformat -Werror=format-security -Wdate-time -D_FORTIFY_SOURCE=2 -Wl,-Bsymbolic-functions -lncursesw -ltinfo -Wl,-Bsymbolic-functions -Wl,-z,relro -Wl,-z,now conftest.c -lncursesw  -lm  >&5
configure:5693: $? = 0
configure:5702: result: yes
configure:6015: checking ncursesw/curses.h usability
configure:6015: gcc -c -D_DEFAULT_SOURCE -D_XOPEN_SOURCE=600 -g -O2 -fdebug-prefix-map=/home/ccw/Downloads/canonical/htop=. -fstack-protector-strong -Wformat -Werror=format-security -Wdate-time -D_FORTIFY_SOURCE=2 conftest.c >&5
configure:6015: $? = 0
configure:6015: result: yes
configure:6015: checking ncursesw/curses.h presence
configure:6015: gcc -E -Wdate-time -D_FORTIFY_SOURCE=2 conftest.c
configure:6015: $? = 0
configure:6015: result: yes
configure:6015: checking for ncursesw/curses.h
configure:6015: result: yes
configure:6613: checking for usable sched_setaffinity
configure:6641: gcc -o conftest -D_DEFAULT_SOURCE -D_XOPEN_SOURCE=600 -g -O2 -fdebug-prefix-map=/home/ccw/Downloads/canonical/htop=. -fstack-protector-strong -Wformat -Werror=format-security -Wdate-time -D_FORTIFY_SOURCE=2 -Wl,-Bsymbolic-functions -Wl,-z,relro -Wl,-z,now conftest.c -Wl,-Bsymbolic-functions -lncursesw -ltinfo -lm   >&5
configure:6641: $? = 0
configure:6641: ./conftest
configure:6641: $? = 0
configure:6642: result: yes
configure:7204: checking that generated files are newer than configure
configure:7210: result: done
configure:7261: creating ./config.status

## ---------------------- ##
## Running config.status. ##
## ---------------------- ##

This file was extended by htop config.status 2.2.0, which was
generated by GNU Autoconf 2.69.  Invocation command line was

  CONFIG_FILES    = 
  CONFIG_HEADERS  = 
  CONFIG_LINKS    = 
  CONFIG_COMMANDS = 
  $ ./config.status 

on ccw-computer

config.status:920: creating Makefile
config.status:920: creating htop.1
config.status:920: creating config.h
config.status:1149: executing depfiles commands
configure:8575: WARNING: unrecognized options: --disable-maintainer-mode

## ---------------- ##
## Cache variables. ##
## ---------------- ##

ac_cv_build=x86_64-pc-linux-gnu
ac_cv_c_compiler_gnu=yes
ac_cv_c_const=yes
ac_cv_env_CC_set=
ac_cv_env_CC_value=
ac_cv_env_CFLAGS_set=set
ac_cv_env_CFLAGS_value='-g -O2 -fdebug-prefix-map=/home/ccw/Downloads/canonical/htop=. -fstack-protector-strong -Wformat -Werror=format-security'
ac_cv_env_CPPFLAGS_set=set
ac_cv_env_CPPFLAGS_value='-Wdate-time -D_FORTIFY_SOURCE=2'
ac_cv_env_CPP_set=
ac_cv_env_CPP_value=
ac_cv_env_LDFLAGS_set=set
ac_cv_env_LDFLAGS_value='-Wl,-Bsymbolic-functions -Wl,-z,relro -Wl,-z,now'
ac_cv_env_LIBNL3GENL_CFLAGS_set=
ac_cv_env_LIBNL3GENL_CFLAGS_value=
ac_cv_env_LIBNL3GENL_LIBS_set=
ac_cv_env_LIBNL3GENL_LIBS_value=
ac_cv_env_LIBNL3_CFLAGS_set=
ac_cv_env_LIBNL3_CFLAGS_value=
ac_cv_env_LIBNL3_LIBS_set=
ac_cv_env_LIBNL3_LIBS_value=
ac_cv_env_LIBS_set=
ac_cv_env_LIBS_value=
ac_cv_env_PKG_CONFIG_LIBDIR_set=
ac_cv_env_PKG_CONFIG_LIBDIR_value=
ac_cv_env_PKG_CONFIG_PATH_set=
ac_cv_env_PKG_CONFIG_PATH_value=
ac_cv_env_PKG_CONFIG_set=
ac_cv_env_PKG_CONFIG_value=
ac_cv_env_build_alias_set=set
ac_cv_env_build_alias_value=x86_64-linux-gnu
ac_cv_env_host_alias_set=
ac_cv_env_host_alias_value=
ac_cv_env_target_alias_set=
ac_cv_env_target_alias_value=
ac_cv_func_closedir_void=no
ac_cv_func_lstat_dereferences_slashed_symlink=yes
ac_cv_func_memmove=yes
ac_cv_func_stat_empty_string_bug=no
ac_cv_func_strdup=yes
ac_cv_func_strncasecmp=yes
ac_cv_func_strstr=yes
ac_cv_header_dirent_dirent_h=yes
ac_cv_header_execinfo_h=yes
ac_cv_header_inttypes_h=yes
ac_cv_header_memory_h=yes
ac_cv_header_minix_config_h=no
ac_cv_header_ncursesw_curses_h=yes
ac_cv_header_stdbool_h=yes
ac_cv_header_stdc=yes
ac_cv_header_stdint_h=yes
ac_cv_header_stdlib_h=yes
ac_cv_header_string_h=yes
ac_cv_header_strings_h=yes
ac_cv_header_sys_mkdev_h=no
ac_cv_header_sys_param_h=yes
ac_cv_header_sys_stat_h=yes
ac_cv_header_sys_sysmacros_h=yes
ac_cv_header_sys_time_h=yes
ac_cv_header_sys_types_h=yes
ac_cv_header_sys_types_h_makedev=no
ac_cv_header_unistd_h=yes
ac_cv_host=x86_64-pc-linux-gnu
ac_cv_lib_m_ceil=yes
ac_cv_lib_ncursesw6_addnwstr=no
ac_cv_lib_ncursesw_addnwstr=yes
ac_cv_objext=o
ac_cv_path_EGREP='/usr/bin/grep -E'
ac_cv_path_GREP=/usr/bin/grep
ac_cv_path_install='/usr/bin/install -c'
ac_cv_path_mkdir=/usr/bin/mkdir
ac_cv_prog_AWK=mawk
ac_cv_prog_CPP='gcc -E'
ac_cv_prog_ac_ct_CC=gcc
ac_cv_prog_cc_c89=
ac_cv_prog_cc_g=yes
ac_cv_prog_make_make_set=yes
ac_cv_safe_to_define___extensions__=yes
ac_cv_search_opendir='none required'
ac_cv_target=x86_64-pc-linux-gnu
ac_cv_type__Bool=yes
ac_cv_type_pid_t=yes
ac_cv_type_signal=void
ac_cv_type_uid_t=yes
am_cv_CC_dependencies_compiler_type=none
am_cv_make_support_nested_variables=yes
am_cv_prog_cc_c_o=yes

## ----------------- ##
## Output variables. ##
## ----------------- ##

ACLOCAL='${SHELL} /home/ccw/Downloads/canonical/htop/missing aclocal-1.16'
AMDEPBACKSLASH=''
AMDEP_FALSE=''
AMDEP_TRUE='#'
AMTAR='$${TAR-tar}'
AM_BACKSLASH='\'
AM_DEFAULT_V='$(AM_DEFAULT_VERBOSITY)'
AM_DEFAULT_VERBOSITY='1'
AM_V='$(V)'
AUTOCONF='${SHELL} /home/ccw/Downloads/canonical/htop/missing autoconf'
AUTOHEADER='${SHELL} /home/ccw/Downloads/canonical/htop/missing autoheader'
AUTOMAKE='${SHELL} /home/ccw/Downloads/canonical/htop/missing automake-1.16'
AWK='mawk'
CC='gcc'
CCDEPMODE='depmode=none'
CFLAGS='-D_DEFAULT_SOURCE -D_XOPEN_SOURCE=600 -g -O2 -fdebug-prefix-map=/home/ccw/Downloads/canonical/htop=. -fstack-protector-strong -Wformat -Werror=format-security'
CPP='gcc -E'
CPPFLAGS='-Wdate-time -D_FORTIFY_SOURCE=2'
CYGPATH_W='echo'
DEFS='-DHAVE_CONFIG_H'
DEPDIR='.deps'
ECHO_C=''
ECHO_N='-n'
ECHO_T=''
EGREP='/usr/bin/grep -E'
EXEEXT=''
GREP='/usr/bin/grep'
HTOP_DARWIN_FALSE=''
HTOP_DARWIN_TRUE='#'
HTOP_DRAGONFLYBSD_FALSE=''
HTOP_DRAGONFLYBSD_TRUE='#'
HTOP_FREEBSD_FALSE=''
HTOP_FREEBSD_TRUE='#'
HTOP_LINUX_FALSE='#'
HTOP_LINUX_TRUE=''
HTOP_OPENBSD_FALSE=''
HTOP_OPENBSD_TRUE='#'
HTOP_SOLARIS_FALSE=''
HTOP_SOLARIS_TRUE='#'
HTOP_UNSUPPORTED_FALSE=''
HTOP_UNSUPPORTED_TRUE='#'
INSTALL_DATA='${INSTALL} -m 644'
INSTALL_PROGRAM='${INSTALL}'
INSTALL_SCRIPT='${INSTALL}'
INSTALL_STRIP_PROGRAM='$(install_sh) -c -s'
LDFLAGS='-Wl,-Bsymbolic-functions -Wl,-z,relro -Wl,-z,now'
LIBNL3GENL_CFLAGS=''
LIBNL3GENL_LIBS=''
LIBNL3_CFLAGS=''
LIBNL3_LIBS=''
LIBOBJS=''
LIBS='-Wl,-Bsymbolic-functions -lncursesw -ltinfo -lm  '
LTLIBOBJS=''
MAKEINFO='${SHELL} /home/ccw/Downloads/canonical/htop/missing makeinfo'
MKDIR_P='/usr/bin/mkdir -p'
OBJEXT='o'
PACKAGE='htop'
PACKAGE_BUGREPORT='hisham@gobolinux.org'
PACKAGE_NAME='htop'
PACKAGE_STRING='htop 2.2.0'
PACKAGE_TARNAME='htop'
PACKAGE_URL=''
PACKAGE_VERSION='2.2.0'
PATH_SEPARATOR=':'
PKG_CONFIG=''
PKG_CONFIG_LIBDIR=''
PKG_CONFIG_PATH=''
SET_MAKE=''
SHELL='/bin/bash'
STRIP=''
VERSION='2.2.0'
ac_ct_CC='gcc'
am__EXEEXT_FALSE=''
am__EXEEXT_TRUE='#'
am__fastdepCC_FALSE=''
am__fastdepCC_TRUE='#'
am__include='include'
am__isrc=''
am__leading_dot='.'
am__nodep=''
am__quote=''
am__tar='$${TAR-tar} chof - "$$tardir"'
am__untar='$${TAR-tar} xf -'
bindir='${exec_prefix}/bin'
build='x86_64-pc-linux-gnu'
build_alias='x86_64-linux-gnu'
build_cpu='x86_64'
build_os='linux-gnu'
build_vendor='pc'
datadir='${datarootdir}'
datarootdir='${prefix}/share'
docdir='${datarootdir}/doc/${PACKAGE_TARNAME}'
dvidir='${docdir}'
exec_prefix='${prefix}'
host='x86_64-pc-linux-gnu'
host_alias=''
host_cpu='x86_64'
host_os='linux-gnu'
host_vendor='pc'
htmldir='${docdir}'
includedir='${prefix}/include'
infodir='${prefix}/share/info'
install_sh='${SHELL} /home/ccw/Downloads/canonical/htop/install-sh'
libdir='${prefix}/lib/x86_64-linux-gnu'
libexecdir='${exec_prefix}/libexec'
localedir='${datarootdir}/locale'
localstatedir='/var'
mandir='${prefix}/share/man'
mkdir_p='$(MKDIR_P)'
my_htop_platform='linux'
oldincludedir='/usr/include'
pdfdir='${docdir}'
prefix='/usr'
program_transform_name='s,x,x,'
psdir='${docdir}'
runstatedir='/run'
sbindir='${exec_prefix}/sbin'
sharedstatedir='${prefix}/com'
sysconfdir='/etc'
target='x86_64-pc-linux-gnu'
target_alias=''
target_cpu='x86_64'
target_os='linux-gnu'
target_vendor='pc'
wextra_flag='-Wextra'

## ----------- ##
## confdefs.h. ##
## ----------- ##

/* confdefs.h */
#define PACKAGE_NAME "htop"
#define PACKAGE_TARNAME "htop"
#define PACKAGE_VERSION "2.2.0"
#define PACKAGE_STRING "htop 2.2.0"
#define PACKAGE_BUGREPORT "hisham@gobolinux.org"
#define PACKAGE_URL ""
#define PACKAGE "htop"
#define VERSION "2.2.0"
#define STDC_HEADERS 1
#define HAVE_SYS_TYPES_H 1
#define HAVE_SYS_STAT_H 1
#define HAVE_STDLIB_H 1
#define HAVE_STRING_H 1
#define HAVE_MEMORY_H 1
#define HAVE_STRINGS_H 1
#define HAVE_INTTYPES_H 1
#define HAVE_STDINT_H 1
#define HAVE_UNISTD_H 1
#define __EXTENSIONS__ 1
#define _ALL_SOURCE 1
#define _GNU_SOURCE 1
#define _POSIX_PTHREAD_SEMANTICS 1
#define _TANDEM_SOURCE 1
#define HAVE_LIBM 1
#define HAVE_DIRENT_H 1
#define STDC_HEADERS 1
#define HAVE_STDLIB_H 1
#define HAVE_STRING_H 1
#define HAVE_STRINGS_H 1
#define HAVE_SYS_PARAM_H 1
#define HAVE_SYS_TIME_H 1
#define HAVE_UNISTD_H 1
#define HAVE_EXECINFO_H 1
#define MAJOR_IN_SYSMACROS 1
#define MAJOR_IN_SYSMACROS 1
#define HAVE__BOOL 1
#define HAVE_STDBOOL_H 1
#define RETSIGTYPE void
#define LSTAT_FOLLOWS_SLASHED_SYMLINK 1
#define HAVE_MEMMOVE 1
#define HAVE_STRNCASECMP 1
#define HAVE_STRSTR 1
#define HAVE_STRDUP 1
#define PROCDIR "/proc"
#define HAVE_OPENVZ 1
#define HAVE_CGROUP 1
#define HAVE_VSERVER 1
#define HAVE_TASKSTATS 1
#define HAVE_LIBNCURSESW 1
#define HAVE_NCURSESW_CURSES_H 1
#define HAVE_LINUX_AFFINITY 1
#define COPYRIGHT "(C) 2004-2019 Hisham Muhammad"

configure: exit 0
